<?xml version="1.0" encoding="UTF-8"?>
<testsuite name="com.example.thermoledmobileclient.ExampleUnitTest" tests="1" skipped="0" failures="0" errors="0" timestamp="2023-02-28T22:35:03" hostname="laelovatsug" time="0.001">
  <properties/>
  <testcase name="addition_isCorrect" classname="com.example.thermoledmobileclient.ExampleUnitTest" time="0.001"/>
  <system-out><![CDATA[]]></system-out>
  <system-err><![CDATA[]]></system-err>
</testsuite>
